<?xml version="1.0" encoding="UTF-8"?>
<TestRun id="1f759f31-c969-45d4-a311-91244fbabde0" name="Oscar@HOMEPC 2017-09-29 16:58:58" runUser="HOMEPC\Oscar" xmlns="http://microsoft.com/schemas/VisualStudio/TeamTest/2010">
  <TestSettings name="Local" id="bec49d4d-fc80-4f98-94f0-afd3c8c3eb7a">
    <Description>These are default test settings for a local test run.</Description>
    <Deployment runDeploymentRoot="Oscar_HOMEPC 2017-09-29 16_58_58">
      <DeploymentItem filename="C:\Development\palacio\NochesPalacio\LoggerFramework\bin\Debug\LoggerFramework.dll" />
      <DeploymentItem filename="C:\Development\palacio\NochesPalacio\PerformanceLibrary\bin\Debug\PerformanceLibrary.dll" />
    </Deployment>
    <Execution>
      <TestTypeSpecific>
        <UnitTestRunConfig testTypeId="13cdc9d9-ddb5-4fa4-a97d-d965ccfc6d4b">
          <AssemblyResolution>
            <TestDirectory useLoadContext="true" />
          </AssemblyResolution>
        </UnitTestRunConfig>
        <WebTestRunConfiguration testTypeId="4e7599fa-5ecb-43e9-a887-cd63cf72d207">
          <Browser name="Internet Explorer 9.0" MaxConnections="6">
            <Headers>
              <Header name="User-Agent" value="Mozilla/5.0 (compatible; MSIE 9.0; Windows NT 6.1; Trident/5.0)" />
              <Header name="Accept" value="*/*" />
              <Header name="Accept-Language" value="{{$IEAcceptLanguage}}" />
              <Header name="Accept-Encoding" value="GZIP" />
            </Headers>
          </Browser>
        </WebTestRunConfiguration>
      </TestTypeSpecific>
      <AgentRule name="LocalMachineDefaultRole">
      </AgentRule>
    </Execution>
    <Properties>
      <Property name="TestSettingsUIType" value="UnitTest" />
    </Properties>
  </TestSettings>
  <Times creation="2017-09-29T16:58:58.5608360-05:00" queuing="2017-09-29T16:58:58.9934282-05:00" start="2017-09-29T16:58:59.0469839-05:00" finish="2017-09-29T16:59:12.0856042-05:00" />
  <ResultSummary outcome="Failed">
    <Counters total="1" executed="1" error="0" failed="1" timeout="0" aborted="0" inconclusive="0" passedButRunAborted="0" notRunnable="0" notExecuted="0" disconnected="0" warning="0" passed="0" completed="0" inProgress="0" pending="0" />
  </ResultSummary>
  <TestDefinitions>
    <CodedWebTest name="PagoTarjeta" storage="c:\development\palacio\nochespalacio\webandloadtestproject\bin\debug\webandloadtestproject.dll" id="9456af32-af1b-5a96-4fa0-9aaf903299b6">
      <Execution id="49a9eaa0-133e-4c03-9439-2054bd292e6b" />
      <WebTestClass assembly="WebAndLoadTestProject, Version=1.0.0.0, Culture=neutral, PublicKeyToken=null" namespace="WebAndLoadTestProject.TestCases" class="PagoTarjeta" />
      <IncludedWebTests>
        <IncludedWebTest name="GenerateGAMToken" path="c:\development\palacio\nochespalacio\webandloadtestproject\bin\debug\webandloadtestproject.dll" testId="6d2cda5c-08ee-74ab-223c-9f38c299be47" isCodedWebTest="true" />
      </IncludedWebTests>
    </CodedWebTest>
    <CodedWebTest name="GenerateGAMToken" storage="c:\development\palacio\nochespalacio\webandloadtestproject\bin\debug\webandloadtestproject.dll" id="6d2cda5c-08ee-74ab-223c-9f38c299be47">
      <WebTestClass assembly="WebAndLoadTestProject, Version=1.0.0.0, Culture=neutral, PublicKeyToken=null" namespace="WebAndLoadTestProject.TestCases" class="GenerateGAMToken" />
    </CodedWebTest>
  </TestDefinitions>
  <TestLists>
    <TestList name="Results Not in a List" id="8c84fa94-04c1-424b-9868-57a2d4851a1d" />
    <TestList name="All Loaded Results" id="19431567-8539-422a-85d7-44ee4e166bda" />
  </TestLists>
  <TestEntries>
    <TestEntry isTransparent="false" testId="9456af32-af1b-5a96-4fa0-9aaf903299b6" executionId="49a9eaa0-133e-4c03-9439-2054bd292e6b" testListId="8c84fa94-04c1-424b-9868-57a2d4851a1d">
      <TestEntries>
        <TestEntry isTransparent="false" testId="6d2cda5c-08ee-74ab-223c-9f38c299be47" executionId="b8429206-e370-43fb-acd6-477814b33efd" parentExecutionId="49a9eaa0-133e-4c03-9439-2054bd292e6b" testListId="8c84fa94-04c1-424b-9868-57a2d4851a1d" />
      </TestEntries>
    </TestEntry>
  </TestEntries>
  <Results>
    <WebTestResult executionId="49a9eaa0-133e-4c03-9439-2054bd292e6b" testId="9456af32-af1b-5a96-4fa0-9aaf903299b6" testName="PagoTarjeta" computerName="HOMEPC" duration="00:00:02.2937121" startTime="2017-09-29T16:58:59.1439965-05:00" endTime="2017-09-29T16:59:12.0645810-05:00" testType="37e36796-fb51-4610-8d5c-e00ceaa68b9f" outcome="Failed" testListId="8c84fa94-04c1-424b-9868-57a2d4851a1d" relativeResultsDirectory="49a9eaa0-133e-4c03-9439-2054bd292e6b">
      <Output>
        <ErrorInfo>
          <Message>Web test failed by Web test code</Message>
        </ErrorInfo>
      </Output>
      <ResultFiles>
        <ResultFile path="PagoTarjeta.webtestResult" />
      </ResultFiles>
      <TestSettings name="Local" id="bec49d4d-fc80-4f98-94f0-afd3c8c3eb7a">
        <Description>These are default test settings for a local test run.</Description>
        <Deployment runDeploymentRoot="Oscar_HOMEPC 2017-09-29 16_58_58">
          <DeploymentItem filename="C:\Development\palacio\NochesPalacio\LoggerFramework\bin\Debug\LoggerFramework.dll" />
          <DeploymentItem filename="C:\Development\palacio\NochesPalacio\PerformanceLibrary\bin\Debug\PerformanceLibrary.dll" />
        </Deployment>
        <Execution>
          <TestTypeSpecific>
            <UnitTestRunConfig testTypeId="13cdc9d9-ddb5-4fa4-a97d-d965ccfc6d4b">
              <AssemblyResolution>
                <TestDirectory useLoadContext="true" />
              </AssemblyResolution>
            </UnitTestRunConfig>
            <WebTestRunConfiguration testTypeId="4e7599fa-5ecb-43e9-a887-cd63cf72d207">
              <Browser name="Internet Explorer 9.0" MaxConnections="6">
                <Headers>
                  <Header name="User-Agent" value="Mozilla/5.0 (compatible; MSIE 9.0; Windows NT 6.1; Trident/5.0)" />
                  <Header name="Accept" value="*/*" />
                  <Header name="Accept-Language" value="{{$IEAcceptLanguage}}" />
                  <Header name="Accept-Encoding" value="GZIP" />
                </Headers>
              </Browser>
            </WebTestRunConfiguration>
          </TestTypeSpecific>
          <AgentRule name="LocalMachineDefaultRole">
          </AgentRule>
        </Execution>
        <Properties>
          <Property name="TestSettingsUIType" value="UnitTest" />
        </Properties>
      </TestSettings>
      <WebTestResultFilePath>Oscar_HOMEPC 2017-09-29 16_58_58\In\49a9eaa0-133e-4c03-9439-2054bd292e6b\PagoTarjeta.webtestResult</WebTestResultFilePath>
    </WebTestResult>
  </Results>
</TestRun>