<?xml version="1.0" encoding="UTF-8"?>
<TestRun id="0670bf3b-b862-4791-a572-2ac450f838da" name="Oscar@HOMEPC 2017-09-27 22:55:17" runUser="HOMEPC\Oscar" xmlns="http://microsoft.com/schemas/VisualStudio/TeamTest/2010">
  <TestSettings name="Local" id="bec49d4d-fc80-4f98-94f0-afd3c8c3eb7a">
    <Description>These are default test settings for a local test run.</Description>
    <Execution>
      <TestTypeSpecific />
      <AgentRule name="Execution Agents">
      </AgentRule>
    </Execution>
    <Deployment runDeploymentRoot="Oscar_HOMEPC 2017-09-27 22_55_17" />
    <Properties>
      <Property name="TestSettingsUIType" value="LoadTest" />
    </Properties>
  </TestSettings>
  <Times creation="2017-09-27T22:55:17.4042622-05:00" queuing="2017-09-27T22:55:18.7593605-05:00" start="2017-09-27T22:55:18.8844119-05:00" finish="2017-09-27T22:55:19.1914720-05:00" />
  <ResultSummary outcome="Completed">
    <Counters total="1" executed="1" passed="1" error="0" failed="0" timeout="0" aborted="0" inconclusive="0" passedButRunAborted="0" notRunnable="0" notExecuted="0" disconnected="0" warning="0" completed="0" inProgress="0" pending="0" />
  </ResultSummary>
  <TestDefinitions>
    <CodedWebTest name="WebTest1Coded" storage="c:\development\palacio\nochespalacio\webandloadtestproject\bin\debug\webandloadtestproject.dll" id="72fa3a27-30b6-3e69-1db6-cc32feae6512">
      <Execution id="bc0da9e0-0a37-4901-a0f2-d042338ed8cf" />
      <WebTestClass assembly="WebAndLoadTestProject, Version=1.0.0.0, Culture=neutral, PublicKeyToken=null" namespace="WebAndLoadTestProject" class="WebTest1Coded" />
    </CodedWebTest>
  </TestDefinitions>
  <TestLists>
    <TestList name="Results Not in a List" id="8c84fa94-04c1-424b-9868-57a2d4851a1d" />
    <TestList name="All Loaded Results" id="19431567-8539-422a-85d7-44ee4e166bda" />
  </TestLists>
  <TestEntries>
    <TestEntry isTransparent="false" testId="72fa3a27-30b6-3e69-1db6-cc32feae6512" executionId="bc0da9e0-0a37-4901-a0f2-d042338ed8cf" testListId="8c84fa94-04c1-424b-9868-57a2d4851a1d" />
  </TestEntries>
  <Results>
    <WebTestResult executionId="bc0da9e0-0a37-4901-a0f2-d042338ed8cf" testId="72fa3a27-30b6-3e69-1db6-cc32feae6512" testName="WebTest1Coded" computerName="HOMEPC" duration="00:00:00.0113304" startTime="2017-09-27T22:55:18.9884435-05:00" endTime="2017-09-27T22:55:19.1554720-05:00" testType="37e36796-fb51-4610-8d5c-e00ceaa68b9f" outcome="Passed" testListId="8c84fa94-04c1-424b-9868-57a2d4851a1d" relativeResultsDirectory="bc0da9e0-0a37-4901-a0f2-d042338ed8cf">
      <ResultFiles>
        <ResultFile path="WebTest1Coded.webtestResult" />
      </ResultFiles>
      <TestSettings name="Local" id="bec49d4d-fc80-4f98-94f0-afd3c8c3eb7a">
        <Description>These are default test settings for a local test run.</Description>
        <Execution>
          <TestTypeSpecific>
            <WebTestRunConfiguration testTypeId="4e7599fa-5ecb-43e9-a887-cd63cf72d207">
              <Browser name="Internet Explorer 9.0" MaxConnections="6">
                <Headers>
                  <Header name="User-Agent" value="Mozilla/5.0 (compatible; MSIE 9.0; Windows NT 6.1; Trident/5.0)" />
                  <Header name="Accept" value="*/*" />
                  <Header name="Accept-Language" value="{{$IEAcceptLanguage}}" />
                  <Header name="Accept-Encoding" value="GZIP" />
                </Headers>
              </Browser>
            </WebTestRunConfiguration>
          </TestTypeSpecific>
          <AgentRule name="Execution Agents">
          </AgentRule>
        </Execution>
        <Deployment runDeploymentRoot="Oscar_HOMEPC 2017-09-27 22_55_17" />
        <Properties>
          <Property name="TestSettingsUIType" value="LoadTest" />
        </Properties>
      </TestSettings>
      <WebTestResultFilePath>Oscar_HOMEPC 2017-09-27 22_55_17\In\bc0da9e0-0a37-4901-a0f2-d042338ed8cf\WebTest1Coded.webtestResult</WebTestResultFilePath>
    </WebTestResult>
  </Results>
</TestRun>