<?xml version="1.0" encoding="UTF-8"?>
<TestRun id="4b2c5fc3-fe48-4235-acdd-8471a13a0d70" name="Oscar@HOMEPC 2017-09-29 17:37:47" runUser="HOMEPC\Oscar" xmlns="http://microsoft.com/schemas/VisualStudio/TeamTest/2010">
  <TestSettings name="Local" id="bec49d4d-fc80-4f98-94f0-afd3c8c3eb7a">
    <Description>These are default test settings for a local test run.</Description>
    <Deployment runDeploymentRoot="Oscar_HOMEPC 2017-09-29 17_37_47">
      <DeploymentItem filename="C:\Development\palacio\NochesPalacio\LoggerFramework\bin\Debug\LoggerFramework.dll" />
      <DeploymentItem filename="C:\Development\palacio\NochesPalacio\PerformanceLibrary\bin\Debug\PerformanceLibrary.dll" />
    </Deployment>
    <Execution>
      <TestTypeSpecific>
        <UnitTestRunConfig testTypeId="13cdc9d9-ddb5-4fa4-a97d-d965ccfc6d4b">
          <AssemblyResolution>
            <TestDirectory useLoadContext="true" />
          </AssemblyResolution>
        </UnitTestRunConfig>
        <WebTestRunConfiguration testTypeId="4e7599fa-5ecb-43e9-a887-cd63cf72d207">
          <Browser name="Internet Explorer 9.0" MaxConnections="6">
            <Headers>
              <Header name="User-Agent" value="Mozilla/5.0 (compatible; MSIE 9.0; Windows NT 6.1; Trident/5.0)" />
              <Header name="Accept" value="*/*" />
              <Header name="Accept-Language" value="{{$IEAcceptLanguage}}" />
              <Header name="Accept-Encoding" value="GZIP" />
            </Headers>
          </Browser>
        </WebTestRunConfiguration>
      </TestTypeSpecific>
      <AgentRule name="LocalMachineDefaultRole">
      </AgentRule>
    </Execution>
    <Properties>
      <Property name="TestSettingsUIType" value="UnitTest" />
    </Properties>
  </TestSettings>
  <Times creation="2017-09-29T17:37:47.1326697-05:00" queuing="2017-09-29T17:37:48.0827140-05:00" start="2017-09-29T17:37:48.3117692-05:00" finish="2017-09-29T17:39:52.1622681-05:00" />
  <ResultSummary outcome="Aborted">
    <Counters total="1" executed="1" error="0" failed="0" timeout="0" aborted="1" inconclusive="0" passedButRunAborted="0" notRunnable="0" notExecuted="0" disconnected="0" warning="0" passed="0" completed="0" inProgress="0" pending="0" />
  </ResultSummary>
  <TestDefinitions>
    <CodedWebTest name="GenerateGAMToken" storage="c:\development\palacio\nochespalacio\webandloadtestproject\bin\debug\webandloadtestproject.dll" id="6d2cda5c-08ee-74ab-223c-9f38c299be47">
      <WebTestClass assembly="WebAndLoadTestProject, Version=1.0.0.0, Culture=neutral, PublicKeyToken=null" namespace="WebAndLoadTestProject.TestCases" class="GenerateGAMToken" />
    </CodedWebTest>
    <CodedWebTest name="PagoTarjeta" storage="c:\development\palacio\nochespalacio\webandloadtestproject\bin\debug\webandloadtestproject.dll" id="9456af32-af1b-5a96-4fa0-9aaf903299b6">
      <WebTestClass assembly="WebAndLoadTestProject, Version=1.0.0.0, Culture=neutral, PublicKeyToken=null" namespace="WebAndLoadTestProject.TestCases" class="PagoTarjeta" />
      <IncludedWebTests>
        <IncludedWebTest name="GenerateGAMToken" path="c:\development\palacio\nochespalacio\webandloadtestproject\bin\debug\webandloadtestproject.dll" testId="6d2cda5c-08ee-74ab-223c-9f38c299be47" isCodedWebTest="true" />
      </IncludedWebTests>
    </CodedWebTest>
    <LoadTest Name="Baseline" Description="" Owner="" storage="c:\development\palacio\nochespalacio\webandloadtestproject\testscenarios\baseline.loadtest" Priority="2147483647" Enabled="true" CssProjectStructure="" CssIteration="" DeploymentItemsEditable="" WorkItemIds="" TraceLevel="None" CurrentRunConfig="Run Settings1" Id="cc964d8b-12bd-4819-8553-7811e4eca0c3">
      <Scenarios>
        <Scenario Name="Baseline" DelayBetweenIterations="15" PercentNewUsers="0" IPSwitching="false" TestMixType="PercentageOfTestsStarted" ApplyDistributionToPacingDelay="true" MaxTestIterations="0" DisableDuringWarmup="false" DelayStartTime="0" AllowedAgents="">
          <ThinkProfile Value="0.2" Pattern="NormalDistribution" />
          <LoadProfile Pattern="Constant" InitialUsers="25" />
          <TestMix>
            <TestProfile Name="PagoTarjeta" Path="c:\development\palacio\nochespalacio\webandloadtestproject\bin\debug\webandloadtestproject.dll" Id="9456af32-af1b-5a96-4fa0-9aaf903299b6" Percentage="100" Type="Microsoft.VisualStudio.TestTools.WebStress.CodedWebTestElement, Microsoft.VisualStudio.QualityTools.LoadTest, Version=15.0.0.0, Culture=neutral, PublicKeyToken=b03f5f7f11d50a3a" />
          </TestMix>
          <BrowserMix>
            <BrowserProfile Percentage="100">
              <Browser Name="Smartphone" MaxConnections="2">
                <Headers>
                  <Header Name="User-Agent" Value="Mozilla/2.0 (compatible; MSIE 3.02; Windows CE; Smartphone; JavaScript; *)" />
                  <Header Name="Accept" Value="image/gif, image/x-xbitmap, image/jpeg, image/pjpeg, */*" />
                  <Header Name="Accept-Language" Value="{{$IEAcceptLanguage}}" />
                </Headers>
              </Browser>
            </BrowserProfile>
          </BrowserMix>
          <NetworkMix>
            <NetworkProfile Percentage="100">
              <Network Name="3G" BandwidthInKbps="NaN" NetworkProfileConfigurationXml="&lt;Emulation xmlns=&quot;http://microsoft.com/schemas/VisualStudio/TeamTest/2010&quot;&gt;&lt;VirtualChannel name=&quot;ThreeG-Channel1&quot;&gt;&lt;FilterList /&gt;&lt;VirtualLink instances=&quot;1&quot; name=&quot;link1&quot;&gt;&lt;LinkRule dir=&quot;upstream&quot;&gt;&lt;Bandwidth&gt;&lt;Speed unit=&quot;kbps&quot;&gt;512&lt;/Speed&gt;&lt;QueueManagement&gt;&lt;NormalQueue&gt;&lt;Size&gt;100&lt;/Size&gt;&lt;QueueMode&gt;packet&lt;/QueueMode&gt;&lt;DropType&gt;DropTail&lt;/DropType&gt;&lt;/NormalQueue&gt;&lt;/QueueManagement&gt;&lt;/Bandwidth&gt;&lt;Latency&gt;&lt;Fixed&gt;&lt;Time unit=&quot;msec&quot;&gt;150&lt;/Time&gt;&lt;/Fixed&gt;&lt;/Latency&gt;&lt;Loss&gt;&lt;Random&gt;&lt;Rate&gt;0.0025&lt;/Rate&gt;&lt;/Random&gt;&lt;/Loss&gt;&lt;/LinkRule&gt;&lt;LinkRule dir=&quot;downstream&quot;&gt;&lt;Bandwidth&gt;&lt;Speed unit=&quot;kbps&quot;&gt;64&lt;/Speed&gt;&lt;QueueManagement&gt;&lt;NormalQueue&gt;&lt;Size&gt;100&lt;/Size&gt;&lt;QueueMode&gt;packet&lt;/QueueMode&gt;&lt;DropType&gt;DropTail&lt;/DropType&gt;&lt;/NormalQueue&gt;&lt;/QueueManagement&gt;&lt;/Bandwidth&gt;&lt;Latency&gt;&lt;Fixed&gt;&lt;Time unit=&quot;msec&quot;&gt;150&lt;/Time&gt;&lt;/Fixed&gt;&lt;/Latency&gt;&lt;Loss&gt;&lt;Random&gt;&lt;Rate&gt;0.0025&lt;/Rate&gt;&lt;/Random&gt;&lt;/Loss&gt;&lt;/LinkRule&gt;&lt;/VirtualLink&gt;&lt;/VirtualChannel&gt;&lt;/Emulation&gt;" />
            </NetworkProfile>
          </NetworkMix>
        </Scenario>
      </Scenarios>
      <CounterSets>
        <CounterSet Name="HOMEPC" CounterSetType="LoadTest" LocId="">
          <CounterCategories>
            <CounterCategory Name="LoadTest:Scenario">
              <Counters>
                <Counter Name="User Load" HigherIsBetter="true" />
                <Counter Name="Tests Running" HigherIsBetter="true" />
              </Counters>
            </CounterCategory>
            <CounterCategory Name="LoadTest:Test">
              <Counters>
                <Counter Name="Total Tests" HigherIsBetter="true" />
                <Counter Name="Passed Tests" HigherIsBetter="true" />
                <Counter Name="Failed Tests" />
                <Counter Name="Tests/Sec" HigherIsBetter="true" />
                <Counter Name="Passed Tests/Sec" HigherIsBetter="true" />
                <Counter Name="Failed Tests/Sec" />
                <Counter Name="Avg. Requests/Test" HigherIsBetter="true" />
                <Counter Name="Avg. Test Time" />
                <Counter Name="% Time in LoadTestPlugin" />
                <Counter Name="% Time in WebTest code" />
                <Counter Name="% Time in Rules" />
              </Counters>
            </CounterCategory>
            <CounterCategory Name="LoadTest:Transaction">
              <Counters>
                <Counter Name="Total Transactions" HigherIsBetter="true" />
                <Counter Name="Avg. Transaction Time" />
                <Counter Name="Avg. Response Time" />
                <Counter Name="Transactions/Sec" HigherIsBetter="true" />
              </Counters>
            </CounterCategory>
            <CounterCategory Name="LoadTest:Errors">
              <Counters>
                <Counter Name="Http Errors" />
                <Counter Name="Validation Rule Errors" />
                <Counter Name="Extraction Rule Errors" />
                <Counter Name="Requests Timed Out" />
                <Counter Name="Exceptions" />
                <Counter Name="Total Errors" />
                <Counter Name="Errors/Sec" />
                <Counter Name="Threshold Violations/Sec" />
              </Counters>
            </CounterCategory>
            <CounterCategory Name="LoadTest:Page">
              <Counters>
                <Counter Name="Total Pages" HigherIsBetter="true" />
                <Counter Name="Avg. Page Time" />
                <Counter Name="Page Response Time Goal" HigherIsBetter="true" />
                <Counter Name="% Pages Meeting Goal" HigherIsBetter="true" />
                <Counter Name="Pages/Sec" HigherIsBetter="true" />
              </Counters>
            </CounterCategory>
            <CounterCategory Name="LoadTest:Request">
              <Counters>
                <Counter Name="Total Requests" HigherIsBetter="true" />
                <Counter Name="Passed Requests" HigherIsBetter="true" />
                <Counter Name="Failed Requests" />
                <Counter Name="Cached Requests" HigherIsBetter="true" />
                <Counter Name="Requests/Sec" HigherIsBetter="true" />
                <Counter Name="Passed Requests/Sec" HigherIsBetter="true" />
                <Counter Name="Failed Requests/Sec" />
                <Counter Name="Avg. First Byte Time" />
                <Counter Name="Avg. Response Time" />
                <Counter Name="Avg. Connection Wait Time">
                  <ThresholdRules>
                    <ThresholdRule Classname="Microsoft.VisualStudio.TestTools.WebStress.Rules.ThresholdRuleCompareCounters, Microsoft.VisualStudio.QualityTools.LoadTest, Version=15.0.0.0, Culture=neutral, PublicKeyToken=b03f5f7f11d50a3a">
                      <RuleParameters>
                        <RuleParameter Name="DependentCategory" Value="LoadTest:Page" />
                        <RuleParameter Name="DependentCounter" Value="Avg. Page Time" />
                        <RuleParameter Name="DependentInstance" Value="_Total" />
                        <RuleParameter Name="AlertIfOver" Value="True" />
                        <RuleParameter Name="WarningThreshold" Value="0.25" />
                        <RuleParameter Name="CriticalThreshold" Value="0.5" />
                      </RuleParameters>
                    </ThresholdRule>
                  </ThresholdRules>
                </Counter>
                <Counter Name="Avg. Content Length" />
              </Counters>
            </CounterCategory>
            <CounterCategory Name="LoadTest:LogEntries">
              <Counters>
                <Counter Name="Total Log Entries" />
                <Counter Name="Log Entries/Sec" />
              </Counters>
            </CounterCategory>
          </CounterCategories>
        </CounterSet>
        <CounterSet Name="Controller" CounterSetType="Controller" LocId="CounterSet_Controller">
          <CounterCategories>
            <CounterCategory Name="Memory">
              <Counters>
                <Counter Name="% Committed Bytes In Use" Range="100" />
                <Counter Name="Available MBytes" RangeGroup="Memory Bytes" HigherIsBetter="true">
                  <ThresholdRules>
                    <ThresholdRule Classname="Microsoft.VisualStudio.TestTools.WebStress.Rules.ThresholdRuleCompareConstant, Microsoft.VisualStudio.QualityTools.LoadTest">
                      <RuleParameters>
                        <RuleParameter Name="AlertIfOver" Value="False" />
                        <RuleParameter Name="WarningThreshold" Value="100" />
                        <RuleParameter Name="CriticalThreshold" Value="50" />
                      </RuleParameters>
                    </ThresholdRule>
                    <ThresholdRule Classname="Microsoft.VisualStudio.TestTools.WebStress.Rules.ThresholdRuleCompareConstant, Microsoft.VisualStudio.QualityTools.LoadTest">
                      <RuleParameters>
                        <RuleParameter Name="AlertIfOver" Value="False" />
                        <RuleParameter Name="WarningThreshold" Value="100" />
                        <RuleParameter Name="CriticalThreshold" Value="50" />
                      </RuleParameters>
                    </ThresholdRule>
                  </ThresholdRules>
                </Counter>
                <Counter Name="Page Faults/sec" />
                <Counter Name="Pages/sec" />
                <Counter Name="Pool Paged Bytes" RangeGroup="Memory Bytes" />
                <Counter Name="Pool Nonpaged bytes" RangeGroup="Memory Bytes" />
              </Counters>
            </CounterCategory>
            <CounterCategory Name="Network Interface">
              <Counters>
                <Counter Name="Bytes Received/sec" RangeGroup="Network Bytes" />
                <Counter Name="Bytes Sent/sec" RangeGroup="Network Bytes" />
                <Counter Name="Output Queue Length">
                  <ThresholdRules>
                    <ThresholdRule Classname="Microsoft.VisualStudio.TestTools.WebStress.Rules.ThresholdRuleCompareConstant, Microsoft.VisualStudio.QualityTools.LoadTest">
                      <RuleParameters>
                        <RuleParameter Name="AlertIfOver" Value="True" />
                        <RuleParameter Name="WarningThreshold" Value="1.5" />
                        <RuleParameter Name="CriticalThreshold" Value="2" />
                      </RuleParameters>
                    </ThresholdRule>
                    <ThresholdRule Classname="Microsoft.VisualStudio.TestTools.WebStress.Rules.ThresholdRuleCompareConstant, Microsoft.VisualStudio.QualityTools.LoadTest">
                      <RuleParameters>
                        <RuleParameter Name="AlertIfOver" Value="True" />
                        <RuleParameter Name="WarningThreshold" Value="1.5" />
                        <RuleParameter Name="CriticalThreshold" Value="2" />
                      </RuleParameters>
                    </ThresholdRule>
                  </ThresholdRules>
                </Counter>
                <Counter Name="Packets Received/sec" RangeGroup="Network Packets" />
                <Counter Name="Packets Sent/sec" RangeGroup="Network Packets" />
                <Counter Name="Current Bandwidth" RangeGroup="Network Bytes" />
                <Counter Name="Bytes Total/sec" RangeGroup="Network Bytes">
                  <ThresholdRules>
                    <ThresholdRule Classname="Microsoft.VisualStudio.TestTools.WebStress.Rules.ThresholdRuleCompareCounters, Microsoft.VisualStudio.QualityTools.LoadTest, Version=15.0.0.0, Culture=neutral, PublicKeyToken=b03f5f7f11d50a3a">
                      <RuleParameters>
                        <RuleParameter Name="DependentCategory" Value="Network Interface" />
                        <RuleParameter Name="DependentCounter" Value="Current Bandwidth" />
                        <RuleParameter Name="DependentInstance" Value="" />
                        <RuleParameter Name="AlertIfOver" Value="True" />
                        <RuleParameter Name="WarningThreshold" Value="0.6" />
                        <RuleParameter Name="CriticalThreshold" Value="0.7" />
                      </RuleParameters>
                    </ThresholdRule>
                    <ThresholdRule Classname="Microsoft.VisualStudio.TestTools.WebStress.Rules.ThresholdRuleCompareCounters, Microsoft.VisualStudio.QualityTools.LoadTest, Version=15.0.0.0, Culture=neutral, PublicKeyToken=b03f5f7f11d50a3a">
                      <RuleParameters>
                        <RuleParameter Name="DependentCategory" Value="Network Interface" />
                        <RuleParameter Name="DependentCounter" Value="Current Bandwidth" />
                        <RuleParameter Name="DependentInstance" Value="" />
                        <RuleParameter Name="AlertIfOver" Value="True" />
                        <RuleParameter Name="WarningThreshold" Value="0.6" />
                        <RuleParameter Name="CriticalThreshold" Value="0.7" />
                      </RuleParameters>
                    </ThresholdRule>
                  </ThresholdRules>
                </Counter>
              </Counters>
              <Instances>
                <Instance Name="*" />
              </Instances>
            </CounterCategory>
            <CounterCategory Name="PhysicalDisk">
              <Counters>
                <Counter Name="% Disk Read Time" Range="100" />
                <Counter Name="% Disk Time" Range="100" />
                <Counter Name="% Disk Write Time" Range="100" />
                <Counter Name="% Idle Time" Range="100" HigherIsBetter="true">
                  <ThresholdRules>
                    <ThresholdRule Classname="Microsoft.VisualStudio.TestTools.WebStress.Rules.ThresholdRuleCompareConstant, Microsoft.VisualStudio.QualityTools.LoadTest">
                      <RuleParameters>
                        <RuleParameter Name="AlertIfOver" Value="False" />
                        <RuleParameter Name="WarningThreshold" Value="40" />
                        <RuleParameter Name="CriticalThreshold" Value="20" />
                      </RuleParameters>
                    </ThresholdRule>
                    <ThresholdRule Classname="Microsoft.VisualStudio.TestTools.WebStress.Rules.ThresholdRuleCompareConstant, Microsoft.VisualStudio.QualityTools.LoadTest">
                      <RuleParameters>
                        <RuleParameter Name="AlertIfOver" Value="False" />
                        <RuleParameter Name="WarningThreshold" Value="40" />
                        <RuleParameter Name="CriticalThreshold" Value="20" />
                      </RuleParameters>
                    </ThresholdRule>
                  </ThresholdRules>
                </Counter>
                <Counter Name="Avg. Disk Bytes/Read" RangeGroup="DiskBytesRate" />
                <Counter Name="Avg. Disk Bytes/Transfer" RangeGroup="DiskBytesRate" />
                <Counter Name="Avg. Disk Bytes/Write" RangeGroup="DiskBytesRate" />
                <Counter Name="Avg. Disk Queue Length" RangeGroup="Disk Queue Length" />
                <Counter Name="Avg. Disk Read Queue Length" RangeGroup="Disk Queue Length" />
                <Counter Name="Avg. Disk Write Queue Length" RangeGroup="Disk Queue Length" />
                <Counter Name="Current Disk Queue Length" RangeGroup="Disk Queue Length" />
                <Counter Name="Avg. Disk sec/Read" RangeGroup="Disk sec" />
                <Counter Name="Avg. Disk sec/Transfer" RangeGroup="Disk sec" />
                <Counter Name="Avg. Disk sec/Write" RangeGroup="Disk sec" />
                <Counter Name="Disk Bytes/sec" RangeGroup="Disk Bytes sec" />
                <Counter Name="Disk Read Bytes/sec" RangeGroup="Disk Bytes sec" />
                <Counter Name="Disk Reads/sec" RangeGroup="Disk Transfers sec" />
                <Counter Name="Disk Transfers/sec" RangeGroup="Disk Transfers sec" />
                <Counter Name="Disk Write Bytes/sec" RangeGroup="Disk Bytes sec" />
                <Counter Name="Disk Writes/sec" RangeGroup="Disk Transfers sec" />
                <Counter Name="Split IO/Sec" RangeGroup="Disk Transfers sec" />
              </Counters>
              <Instances>
                <Instance Name="*" />
              </Instances>
            </CounterCategory>
            <CounterCategory Name="Processor">
              <Counters>
                <Counter Name="% Processor Time" Range="100">
                  <ThresholdRules>
                    <ThresholdRule Classname="Microsoft.VisualStudio.TestTools.WebStress.Rules.ThresholdRuleCompareConstant, Microsoft.VisualStudio.QualityTools.LoadTest">
                      <RuleParameters>
                        <RuleParameter Name="AlertIfOver" Value="True" />
                        <RuleParameter Name="WarningThreshold" Value="75" />
                        <RuleParameter Name="CriticalThreshold" Value="90" />
                      </RuleParameters>
                    </ThresholdRule>
                    <ThresholdRule Classname="Microsoft.VisualStudio.TestTools.WebStress.Rules.ThresholdRuleCompareConstant, Microsoft.VisualStudio.QualityTools.LoadTest">
                      <RuleParameters>
                        <RuleParameter Name="AlertIfOver" Value="True" />
                        <RuleParameter Name="WarningThreshold" Value="75" />
                        <RuleParameter Name="CriticalThreshold" Value="90" />
                      </RuleParameters>
                    </ThresholdRule>
                  </ThresholdRules>
                </Counter>
                <Counter Name="% Privileged Time" Range="100" />
                <Counter Name="% User Time" Range="100" />
              </Counters>
              <Instances>
                <Instance Name="_Total" />
              </Instances>
            </CounterCategory>
            <CounterCategory Name="System">
              <Counters>
                <Counter Name="Context Switches/sec" />
                <Counter Name="Processes" />
                <Counter Name="Processor Queue Length" />
                <Counter Name="Threads" />
              </Counters>
            </CounterCategory>
            <CounterCategory Name="Process">
              <Counters>
                <Counter Name="% Processor Time" RangeGroup="Processor Time" />
                <Counter Name="% Privileged Time" RangeGroup="Processor Time" />
                <Counter Name="% User Time" RangeGroup="Processor Time" />
                <Counter Name="Handle Count" />
                <Counter Name="Thread Count" />
                <Counter Name="Private Bytes" RangeGroup="Memory Bytes" />
                <Counter Name="Virtual Bytes" RangeGroup="Memory Bytes" />
                <Counter Name="Working Set" RangeGroup="Memory Bytes" />
              </Counters>
              <Instances>
                <Instance Name="QTController" />
                <Instance Name="QTController64" />
              </Instances>
            </CounterCategory>
          </CounterCategories>
          <DefaultCountersForAutomaticGraphs>
            <DefaultCounter CategoryName="Processor" CounterName="% Processor Time" InstanceName="_Total" GraphName="" />
            <DefaultCounter CategoryName="Memory" CounterName="Available MBytes" InstanceName="" GraphName="" />
          </DefaultCountersForAutomaticGraphs>
        </CounterSet>
        <CounterSet Name="Agent" CounterSetType="Agent" LocId="CounterSet_Agent">
          <CounterCategories>
            <CounterCategory Name="Memory">
              <Counters>
                <Counter Name="% Committed Bytes In Use" Range="100" />
                <Counter Name="Available MBytes" RangeGroup="Memory Bytes" HigherIsBetter="true">
                  <ThresholdRules>
                    <ThresholdRule Classname="Microsoft.VisualStudio.TestTools.WebStress.Rules.ThresholdRuleCompareConstant, Microsoft.VisualStudio.QualityTools.LoadTest">
                      <RuleParameters>
                        <RuleParameter Name="AlertIfOver" Value="False" />
                        <RuleParameter Name="WarningThreshold" Value="100" />
                        <RuleParameter Name="CriticalThreshold" Value="50" />
                      </RuleParameters>
                    </ThresholdRule>
                  </ThresholdRules>
                </Counter>
                <Counter Name="Page Faults/sec" />
                <Counter Name="Pages/sec" />
                <Counter Name="Pool Paged Bytes" RangeGroup="Memory Bytes" />
                <Counter Name="Pool Nonpaged bytes" RangeGroup="Memory Bytes" />
              </Counters>
            </CounterCategory>
            <CounterCategory Name="Network Interface">
              <Counters>
                <Counter Name="Bytes Received/sec" RangeGroup="Network Bytes" />
                <Counter Name="Bytes Sent/sec" RangeGroup="Network Bytes" />
                <Counter Name="Output Queue Length">
                  <ThresholdRules>
                    <ThresholdRule Classname="Microsoft.VisualStudio.TestTools.WebStress.Rules.ThresholdRuleCompareConstant, Microsoft.VisualStudio.QualityTools.LoadTest">
                      <RuleParameters>
                        <RuleParameter Name="AlertIfOver" Value="True" />
                        <RuleParameter Name="WarningThreshold" Value="1.5" />
                        <RuleParameter Name="CriticalThreshold" Value="2" />
                      </RuleParameters>
                    </ThresholdRule>
                  </ThresholdRules>
                </Counter>
                <Counter Name="Packets Received/sec" RangeGroup="Network Packets" />
                <Counter Name="Packets Sent/sec" RangeGroup="Network Packets" />
                <Counter Name="Current Bandwidth" RangeGroup="Network Bytes" />
                <Counter Name="Bytes Total/sec" RangeGroup="Network Bytes">
                  <ThresholdRules>
                    <ThresholdRule Classname="Microsoft.VisualStudio.TestTools.WebStress.Rules.ThresholdRuleCompareCounters, Microsoft.VisualStudio.QualityTools.LoadTest, Version=15.0.0.0, Culture=neutral, PublicKeyToken=b03f5f7f11d50a3a">
                      <RuleParameters>
                        <RuleParameter Name="DependentCategory" Value="Network Interface" />
                        <RuleParameter Name="DependentCounter" Value="Current Bandwidth" />
                        <RuleParameter Name="DependentInstance" Value="" />
                        <RuleParameter Name="AlertIfOver" Value="True" />
                        <RuleParameter Name="WarningThreshold" Value="0.6" />
                        <RuleParameter Name="CriticalThreshold" Value="0.7" />
                      </RuleParameters>
                    </ThresholdRule>
                  </ThresholdRules>
                </Counter>
              </Counters>
              <Instances>
                <Instance Name="*" />
              </Instances>
            </CounterCategory>
            <CounterCategory Name="PhysicalDisk">
              <Counters>
                <Counter Name="% Disk Read Time" Range="100" />
                <Counter Name="% Disk Time" Range="100" />
                <Counter Name="% Disk Write Time" Range="100" />
                <Counter Name="% Idle Time" Range="100" HigherIsBetter="true">
                  <ThresholdRules>
                    <ThresholdRule Classname="Microsoft.VisualStudio.TestTools.WebStress.Rules.ThresholdRuleCompareConstant, Microsoft.VisualStudio.QualityTools.LoadTest">
                      <RuleParameters>
                        <RuleParameter Name="AlertIfOver" Value="False" />
                        <RuleParameter Name="WarningThreshold" Value="40" />
                        <RuleParameter Name="CriticalThreshold" Value="20" />
                      </RuleParameters>
                    </ThresholdRule>
                  </ThresholdRules>
                </Counter>
                <Counter Name="Avg. Disk Bytes/Read" RangeGroup="DiskBytesRate" />
                <Counter Name="Avg. Disk Bytes/Transfer" RangeGroup="DiskBytesRate" />
                <Counter Name="Avg. Disk Bytes/Write" RangeGroup="DiskBytesRate" />
                <Counter Name="Avg. Disk Queue Length" RangeGroup="Disk Queue Length" />
                <Counter Name="Avg. Disk Read Queue Length" RangeGroup="Disk Queue Length" />
                <Counter Name="Avg. Disk Write Queue Length" RangeGroup="Disk Queue Length" />
                <Counter Name="Current Disk Queue Length" RangeGroup="Disk Queue Length" />
                <Counter Name="Avg. Disk sec/Read" RangeGroup="Disk sec" />
                <Counter Name="Avg. Disk sec/Transfer" RangeGroup="Disk sec" />
                <Counter Name="Avg. Disk sec/Write" RangeGroup="Disk sec" />
                <Counter Name="Disk Bytes/sec" RangeGroup="Disk Bytes sec" />
                <Counter Name="Disk Read Bytes/sec" RangeGroup="Disk Bytes sec" />
                <Counter Name="Disk Reads/sec" RangeGroup="Disk Transfers sec" />
                <Counter Name="Disk Transfers/sec" RangeGroup="Disk Transfers sec" />
                <Counter Name="Disk Write Bytes/sec" RangeGroup="Disk Bytes sec" />
                <Counter Name="Disk Writes/sec" RangeGroup="Disk Transfers sec" />
                <Counter Name="Split IO/Sec" RangeGroup="Disk Transfers sec" />
              </Counters>
              <Instances>
                <Instance Name="*" />
              </Instances>
            </CounterCategory>
            <CounterCategory Name="Processor">
              <Counters>
                <Counter Name="% Processor Time" Range="100">
                  <ThresholdRules>
                    <ThresholdRule Classname="Microsoft.VisualStudio.TestTools.WebStress.Rules.ThresholdRuleCompareConstant, Microsoft.VisualStudio.QualityTools.LoadTest">
                      <RuleParameters>
                        <RuleParameter Name="AlertIfOver" Value="True" />
                        <RuleParameter Name="WarningThreshold" Value="75" />
                        <RuleParameter Name="CriticalThreshold" Value="90" />
                      </RuleParameters>
                    </ThresholdRule>
                  </ThresholdRules>
                </Counter>
                <Counter Name="% Privileged Time" Range="100" />
                <Counter Name="% User Time" Range="100" />
              </Counters>
              <Instances>
                <Instance Name="0" />
                <Instance Name="_Total" />
              </Instances>
            </CounterCategory>
            <CounterCategory Name="System">
              <Counters>
                <Counter Name="Context Switches/sec" />
                <Counter Name="Processes" />
                <Counter Name="Processor Queue Length" />
                <Counter Name="Threads" />
              </Counters>
            </CounterCategory>
            <CounterCategory Name="Process">
              <Counters>
                <Counter Name="% Processor Time" RangeGroup="Processor Time" />
                <Counter Name="% Privileged Time" RangeGroup="Processor Time" />
                <Counter Name="% User Time" RangeGroup="Processor Time" />
                <Counter Name="Handle Count" />
                <Counter Name="Thread Count" />
                <Counter Name="Private Bytes" RangeGroup="Memory Bytes" />
                <Counter Name="Virtual Bytes" RangeGroup="Memory Bytes" />
                <Counter Name="Working Set" RangeGroup="Memory Bytes" />
              </Counters>
              <Instances>
                <Instance Name="devenv" />
                <Instance Name="QTAgentService" />
                <Instance Name="QTAgent" />
                <Instance Name="QTAgent32" />
                <Instance Name="QTDCAgent" />
                <Instance Name="QTDCAgent32" />
                <Instance Name="QTAgent_35" />
                <Instance Name="QTAgent_40" />
                <Instance Name="QTAgent32_35" />
                <Instance Name="QTAgent32_40" />
              </Instances>
            </CounterCategory>
          </CounterCategories>
          <DefaultCountersForAutomaticGraphs>
            <DefaultCounter CategoryName="Processor" CounterName="% Processor Time" InstanceName="0" GraphName="" RunType="Local" />
            <DefaultCounter CategoryName="Processor" CounterName="% Processor Time" InstanceName="_Total" GraphName="" RunType="Remote" />
            <DefaultCounter CategoryName="Memory" CounterName="Available MBytes" InstanceName="" GraphName="" />
          </DefaultCountersForAutomaticGraphs>
        </CounterSet>
      </CounterSets>
      <RunConfigurations>
        <RunConfiguration Name="Run Settings1" Description="" ResultsStoreType="Database" TimingDetailsStorage="AllIndividualDetails" SaveTestLogsOnError="true" SaveTestLogsFrequency="0" MaxErrorDetails="200" MaxErrorsPerType="1000" MaxThresholdViolations="1000" MaxRequestUrlsReported="1000" UseTestIterations="false" RunDuration="600" WarmupTime="60" CoolDownTime="0" TestIterations="100" WebTestConnectionModel="ConnectionPerUser" WebTestConnectionPoolSize="50" SampleRate="15" ValidationLevel="High" SqlTracingConnectString="" SqlTracingConnectStringDisplayValue="" SqlTracingDirectory="" SqlTracingEnabled="false" SqlTracingFileCount="2" SqlTracingRolloverEnabled="true" SqlTracingMinimumDuration="500" RunUnitTestsInAppDomain="true" CoreCount="0" ResourcesRetentionTimeInMinutes="0" AgentDiagnosticsLevel="Warning">
          <CounterSetMappings>
            <CounterSetMapping ComputerName="[CONTROLLER MACHINE]">
              <CounterSetReferences>
                <CounterSetReference CounterSetName="LoadTest" />
                <CounterSetReference CounterSetName="Controller" />
              </CounterSetReferences>
            </CounterSetMapping>
            <CounterSetMapping ComputerName="[AGENT MACHINES]">
              <CounterSetReferences>
                <CounterSetReference CounterSetName="Agent" />
              </CounterSetReferences>
            </CounterSetMapping>
          </CounterSetMappings>
          <LoadGeneratorLocations>
            <GeoLocation Location="Default" Percentage="100" />
          </LoadGeneratorLocations>
        </RunConfiguration>
      </RunConfigurations>
    </LoadTest>
  </TestDefinitions>
  <TestLists>
    <TestList name="Results Not in a List" id="8c84fa94-04c1-424b-9868-57a2d4851a1d" />
    <TestList name="All Loaded Results" id="19431567-8539-422a-85d7-44ee4e166bda" />
  </TestLists>
  <TestEntries>
    <TestEntry isTransparent="false" testId="cc964d8b-12bd-4819-8553-7811e4eca0c3" executionId="5378f3d4-7b94-419d-956e-075878a3480a" testListId="8c84fa94-04c1-424b-9868-57a2d4851a1d">
      <TestEntries>
        <TestEntry isTransparent="false" testId="9456af32-af1b-5a96-4fa0-9aaf903299b6" executionId="a29d6e8a-aaef-4b1b-aa1a-24f9be241b77" parentExecutionId="5378f3d4-7b94-419d-956e-075878a3480a" testListId="8c84fa94-04c1-424b-9868-57a2d4851a1d">
          <TestEntries>
            <TestEntry isTransparent="false" testId="6d2cda5c-08ee-74ab-223c-9f38c299be47" executionId="a73e5e52-347d-4079-8f7c-0d2f2554bf60" parentExecutionId="a29d6e8a-aaef-4b1b-aa1a-24f9be241b77" testListId="8c84fa94-04c1-424b-9868-57a2d4851a1d" />
          </TestEntries>
        </TestEntry>
      </TestEntries>
    </TestEntry>
  </TestEntries>
  <Results>
    <LoadTestResult executionId="5378f3d4-7b94-419d-956e-075878a3480a" testId="cc964d8b-12bd-4819-8553-7811e4eca0c3" testName="Baseline" computerName="HOMEPC" duration="00:02:01.0122511" startTime="2017-09-29T17:37:49.6791913-05:00" endTime="2017-09-29T17:39:50.6914424-05:00" testType="fa4c85ff-1236-4463-b954-3ba2f0eabd95" outcome="Aborted" testListId="8c84fa94-04c1-424b-9868-57a2d4851a1d" relativeResultsDirectory="5378f3d4-7b94-419d-956e-075878a3480a" runId="2" controllerStartTime="2017-09-29T17:37:49.6791913-05:00" runStatus="Stopped" resultsStoreType="Database" resultsRepositoryConnectString="LAs4ogoKlDd+VpAl2ugknpVnps2Q+yFLesmD6LbUL+Km/JX8cBHGI53gZ4BH8pTCcqKm6fIrGHKGBGJ3QBDSWVtG/R9gmVK41LpMFWa4ySQbzsbWeWhsOim1CQqNS57+" loadTestDuration="600" loadTestWarmupTime="60" previouslyViewed="true">
      <AnalyzerViewState>
        <LoadTestRunDescriptor isLegendPanelVisible="true" isOverviewPanelVisible="true" isCounterPanelVisible="true" scrollingGraph="false" minMaxGraph="false" showHorizontalGridOnGraph="true" showThresholdsOnGraph="true" showComparison="false" showZoom="true" lockZoom="true" activeConsoleView="Table" selectedGraphPanel1="Key Indicators" selectedGraphPanel2="Page Response Time" selectedGraphPanel3="System under Test" selectedGraphPanel4="Controller and Agents" graphPanelLayout="FourGrid" tablePanelLayout="TwoHorizontal" selectedTablePanel1="Tests" selectedTablePanel2="Errors" selectedTablePanel3="Thresholds" selectedTablePanel4="Transactions" controllerName="HOMEPC" isLocalRun="true" testRunId="4b2c5fc3-fe48-4235-acdd-8471a13a0d70" repositoryRunId="0">
          <GraphDescriptors>
            <GraphDescriptor graphName="Key Indicators">
              <HorizontalZoomRange lower="-1" upper="-1" />
              <VerticalZoomRange lower="0" upper="100" />
              <PlotDescriptors>
                <PlotDescriptor colorArgb="-65536" lineStyle="0" fixedRange="0" rangeGroup="User Load" showOnGraph="true" isSelected="false">
                  <CounterDescriptor machineName="HOMEPC" categoryName="LoadTest:Scenario" counterName="User Load" instanceName="_Total" baseInstanceName="_Total" loadTestItemId="-1" />
                </PlotDescriptor>
                <PlotDescriptor colorArgb="-16744448" lineStyle="0" fixedRange="0" rangeGroup="Pages/Sec" showOnGraph="true" isSelected="false">
                  <CounterDescriptor machineName="HOMEPC" categoryName="LoadTest:Page" counterName="Pages/Sec" instanceName="_Total" baseInstanceName="_Total" loadTestItemId="-1" />
                </PlotDescriptor>
                <PlotDescriptor colorArgb="-16776961" lineStyle="0" fixedRange="0" rangeGroup="Avg. Page Time" showOnGraph="true" isSelected="false">
                  <CounterDescriptor machineName="HOMEPC" categoryName="LoadTest:Page" counterName="Avg. Page Time" instanceName="_Total" baseInstanceName="_Total" loadTestItemId="-1" />
                </PlotDescriptor>
                <PlotDescriptor colorArgb="-8388480" lineStyle="0" fixedRange="0" rangeGroup="Errors/Sec" showOnGraph="true" isSelected="false">
                  <CounterDescriptor machineName="HOMEPC" categoryName="LoadTest:Errors" counterName="Errors/Sec" instanceName="_Total" baseInstanceName="_Total" loadTestItemId="-1" />
                </PlotDescriptor>
                <PlotDescriptor colorArgb="-23296" lineStyle="0" fixedRange="0" rangeGroup="Threshold Violations/Sec" showOnGraph="true" isSelected="false">
                  <CounterDescriptor machineName="HOMEPC" categoryName="LoadTest:Errors" counterName="Threshold Violations/Sec" instanceName="_Total" baseInstanceName="_Total" loadTestItemId="-1" />
                </PlotDescriptor>
              </PlotDescriptors>
            </GraphDescriptor>
            <GraphDescriptor graphName="System under Test">
              <HorizontalZoomRange lower="-1" upper="-1" />
              <VerticalZoomRange lower="0" upper="100" />
            </GraphDescriptor>
            <GraphDescriptor graphName="Controller and Agents">
              <HorizontalZoomRange lower="-1" upper="-1" />
              <VerticalZoomRange lower="0" upper="100" />
              <PlotDescriptors>
                <PlotDescriptor colorArgb="-65536" lineStyle="0" fixedRange="100" rangeGroup="% Processor Time" showOnGraph="true" isSelected="false">
                  <CounterDescriptor machineName="HOMEPC" categoryName="Processor" counterName="% Processor Time" instanceName="0" baseInstanceName="0" loadTestItemId="-1" />
                </PlotDescriptor>
                <PlotDescriptor colorArgb="-16744448" lineStyle="0" fixedRange="0" rangeGroup="Memory Bytes" showOnGraph="true" isSelected="false">
                  <CounterDescriptor machineName="HOMEPC" categoryName="Memory" counterName="Available MBytes" instanceName="systemdiagnosticsperfcounterlibsingleinstance" baseInstanceName="systemdiagnosticsperfcounterlibsingleinstance" loadTestItemId="-1" />
                </PlotDescriptor>
              </PlotDescriptors>
            </GraphDescriptor>
            <GraphDescriptor graphName="Test Response Time">
              <HorizontalZoomRange lower="-1" upper="-1" />
              <VerticalZoomRange lower="0" upper="12" />
              <PlotDescriptors>
                <PlotDescriptor colorArgb="-65536" lineStyle="0" fixedRange="12" rangeGroup="Avg. Test Time" showOnGraph="true" isSelected="false" counterMetadata="PagoTarjeta;Baseline">
                  <CounterDescriptor machineName="HOMEPC" categoryName="LoadTest:Test" counterName="Avg. Test Time" instanceName="PagoTarjeta(000)" baseInstanceName="PagoTarjeta" loadTestItemId="0" />
                </PlotDescriptor>
              </PlotDescriptors>
            </GraphDescriptor>
            <GraphDescriptor graphName="Transaction Response Time">
              <HorizontalZoomRange lower="-1" upper="-1" />
              <VerticalZoomRange lower="0" upper="3" />
              <PlotDescriptors>
                <PlotDescriptor colorArgb="-65536" lineStyle="0" fixedRange="3" rangeGroup="Avg. Response Time" showOnGraph="true" isSelected="false" counterMetadata="PagoTarjeta;Baseline;GenerateGAMToken.PH_NP_GenerateGAM">
                  <CounterDescriptor machineName="HOMEPC" categoryName="LoadTest:Transaction" counterName="Avg. Response Time" instanceName="GenerateGAMToken.PH_NP_GenerateGAM(000)" baseInstanceName="GenerateGAMToken.PH_NP_GenerateGAM" loadTestItemId="0" />
                </PlotDescriptor>
                <PlotDescriptor colorArgb="-16744448" lineStyle="0" fixedRange="3" rangeGroup="Avg. Response Time" showOnGraph="true" isSelected="false" counterMetadata="PagoTarjeta;Baseline;PagoTarjeta.GenerateGAMToken">
                  <CounterDescriptor machineName="HOMEPC" categoryName="LoadTest:Transaction" counterName="Avg. Response Time" instanceName="PagoTarjeta.GenerateGAMToken(001)" baseInstanceName="PagoTarjeta.GenerateGAMToken" loadTestItemId="1" />
                </PlotDescriptor>
                <PlotDescriptor colorArgb="-16776961" lineStyle="0" fixedRange="3" rangeGroup="Avg. Response Time" showOnGraph="true" isSelected="false" counterMetadata="PagoTarjeta;Baseline;PH_NP_PagpTarjeta">
                  <CounterDescriptor machineName="HOMEPC" categoryName="LoadTest:Transaction" counterName="Avg. Response Time" instanceName="PH_NP_PagpTarjeta(002)" baseInstanceName="PH_NP_PagpTarjeta" loadTestItemId="2" />
                </PlotDescriptor>
              </PlotDescriptors>
            </GraphDescriptor>
            <GraphDescriptor graphName="Page Response Time">
              <HorizontalZoomRange lower="-1" upper="-1" />
              <VerticalZoomRange lower="0" upper="4" />
              <PlotDescriptors>
                <PlotDescriptor colorArgb="-65536" lineStyle="0" fixedRange="4" rangeGroup="Avg. Page Time" showOnGraph="true" isSelected="true" counterMetadata="PagoTarjeta;Baseline;https://app.elpalaciodehierro.com:9443/phApp/rest/RestApi/GetGAMToken----{POST}">
                  <CounterDescriptor machineName="HOMEPC" categoryName="LoadTest:Page" counterName="Avg. Page Time" instanceName="GetGAMToken{POST}(000)" baseInstanceName="GetGAMToken{POST}" loadTestItemId="0" />
                </PlotDescriptor>
                <PlotDescriptor colorArgb="-16744448" lineStyle="0" fixedRange="4" rangeGroup="Avg. Page Time" showOnGraph="true" isSelected="false" counterMetadata="PagoTarjeta;Baseline;https://app.elpalaciodehierro.com:9443/phApp/rest/PagoTarjetaPalacio----{POST}">
                  <CounterDescriptor machineName="HOMEPC" categoryName="LoadTest:Page" counterName="Avg. Page Time" instanceName="PagoTarjetaPalacio{POST}(001)" baseInstanceName="PagoTarjetaPalacio{POST}" loadTestItemId="1" />
                </PlotDescriptor>
              </PlotDescriptors>
            </GraphDescriptor>
          </GraphDescriptors>
        </LoadTestRunDescriptor>
      </AnalyzerViewState>
      <Summary>
        <PerformanceCounterResults>
          <PerformanceCounterResult isOverallResultCounter="true" higherIsBetter="true" machineName="HOMEPC" categoryName="LoadTest:Scenario" counterName="User Load" instanceName="_Total" value="25" />
          <PerformanceCounterResult isOverallResultCounter="true" higherIsBetter="true" machineName="HOMEPC" categoryName="LoadTest:Test" counterName="Total Tests" instanceName="_Total" value="79" />
          <PerformanceCounterResult isOverallResultCounter="true" higherIsBetter="false" machineName="HOMEPC" categoryName="LoadTest:Test" counterName="Failed Tests" instanceName="_Total" value="79" />
          <PerformanceCounterResult isOverallResultCounter="true" higherIsBetter="true" machineName="HOMEPC" categoryName="LoadTest:Test" counterName="Tests/Sec" instanceName="_Total" value="1.294822" />
          <PerformanceCounterResult isOverallResultCounter="true" higherIsBetter="false" machineName="HOMEPC" categoryName="LoadTest:Test" counterName="Avg. Test Time" instanceName="_Total" value="4.67487335" />
          <PerformanceCounterResult isOverallResultCounter="true" higherIsBetter="true" machineName="HOMEPC" categoryName="LoadTest:Request" counterName="Total Requests" instanceName="_Total" value="77" />
          <PerformanceCounterResult isOverallResultCounter="true" higherIsBetter="false" machineName="HOMEPC" categoryName="LoadTest:Request" counterName="Failed Requests" instanceName="_Total" value="0" />
          <PerformanceCounterResult isOverallResultCounter="true" higherIsBetter="true" machineName="HOMEPC" categoryName="LoadTest:Request" counterName="Cached Requests" instanceName="_Total" value="0" />
          <PerformanceCounterResult isOverallResultCounter="true" higherIsBetter="true" machineName="HOMEPC" categoryName="LoadTest:Request" counterName="Requests/Sec" instanceName="_Total" value="1.26204157" />
          <PerformanceCounterResult isOverallResultCounter="true" higherIsBetter="false" machineName="HOMEPC" categoryName="LoadTest:Request" counterName="Avg. Response Time" instanceName="_Total" value="1.76938963" />
          <PerformanceCounterResult isOverallResultCounter="false" higherIsBetter="false" machineName="HOMEPC" categoryName="Processor" counterName="% Processor Time" instanceName="_Total" value="7.1094656" />
          <PerformanceCounterResult isOverallResultCounter="false" higherIsBetter="true" machineName="HOMEPC" categoryName="Memory" counterName="Available MBytes" instanceName="-" value="3310" />
          <PerformanceCounterResult isOverallResultCounter="false" higherIsBetter="false" machineName="HOMEPC" categoryName="Network Interface" counterName="Bytes Received/sec" instanceName="intel[r] ethernet connection i219-lm" value="0" />
          <PerformanceCounterResult isOverallResultCounter="false" higherIsBetter="false" machineName="HOMEPC" categoryName="Network Interface" counterName="Bytes Received/sec" instanceName="teredo tunneling pseudo-interface" value="0" />
          <PerformanceCounterResult isOverallResultCounter="false" higherIsBetter="false" machineName="HOMEPC" categoryName="Network Interface" counterName="Bytes Received/sec" instanceName="intel[r] dual band wireless-ac 8260" value="2881.22534" />
          <PerformanceCounterResult isOverallResultCounter="false" higherIsBetter="false" machineName="HOMEPC" categoryName="Network Interface" counterName="Bytes Sent/sec" instanceName="intel[r] ethernet connection i219-lm" value="0" />
          <PerformanceCounterResult isOverallResultCounter="false" higherIsBetter="false" machineName="HOMEPC" categoryName="Network Interface" counterName="Bytes Sent/sec" instanceName="teredo tunneling pseudo-interface" value="2.23331428" />
          <PerformanceCounterResult isOverallResultCounter="false" higherIsBetter="false" machineName="HOMEPC" categoryName="Network Interface" counterName="Bytes Sent/sec" instanceName="intel[r] dual band wireless-ac 8260" value="1744.98511" />
        </PerformanceCounterResults>
        <PageSummaries>
          <PageSummary scenarioName="Baseline" testName="PagoTarjeta" url="GetGAMToken{POST}" pageCount="0" responseTime="0" />
          <PageSummary scenarioName="Baseline" testName="PagoTarjeta" url="PagoTarjetaPalacio{POST}" pageCount="77" responseTime="1769" />
        </PageSummaries>
        <TestSummaries>
          <TestSummary scenarioName="Baseline" testName="PagoTarjeta" totalTests="79" testsFailed="79" averageDuration="4674" />
        </TestSummaries>
        <TransactionSummaries>
          <TransactionSummary scenarioName="Baseline" testName="PagoTarjeta" transactionName="GenerateGAMToken.PH_NP_GenerateGAM" transactionCount="0" elapsedTime="0" responseTime="0" />
          <TransactionSummary scenarioName="Baseline" testName="PagoTarjeta" transactionName="PagoTarjeta.GenerateGAMToken" transactionCount="0" elapsedTime="0" responseTime="0" />
          <TransactionSummary scenarioName="Baseline" testName="PagoTarjeta" transactionName="PH_NP_PagpTarjeta" transactionCount="79" elapsedTime="4671" responseTime="1774" />
        </TransactionSummaries>
      </Summary>
    </LoadTestResult>
  </Results>
</TestRun>