<?xml version="1.0" encoding="UTF-8"?>
<TestRun id="169b280d-3f68-4133-80d6-7d8fe84f9019" name="reguser@OGAR 2017-09-28 15:40:35" runUser="OGAR\reguser" xmlns="http://microsoft.com/schemas/VisualStudio/TeamTest/2010">
  <TestSettings name="Local" id="bec49d4d-fc80-4f98-94f0-afd3c8c3eb7a">
    <Description>These are default test settings for a local test run.</Description>
    <Deployment runDeploymentRoot="reguser_OGAR 2017-09-28 15_40_35">
      <DeploymentItem filename="D:\Development\Palacio\NochesPalacio\LoggerFramework\bin\Debug\LoggerFramework.dll" />
      <DeploymentItem filename="D:\Development\Palacio\NochesPalacio\PerformanceLibrary\bin\Debug\PerformanceLibrary.dll" />
    </Deployment>
    <Execution>
      <TestTypeSpecific />
      <AgentRule name="Execution Agents">
      </AgentRule>
    </Execution>
    <Properties>
      <Property name="TestSettingsUIType" value="LoadTest" />
    </Properties>
  </TestSettings>
  <Times creation="2017-09-28T15:40:35.8376199-05:00" queuing="2017-09-28T15:40:37.1501331-05:00" start="2017-09-28T15:40:37.2671331-05:00" finish="2017-09-28T15:40:38.1391331-05:00" />
  <ResultSummary outcome="Error">
    <Counters total="1" executed="1" error="1" failed="0" timeout="0" aborted="0" inconclusive="0" passedButRunAborted="0" notRunnable="0" notExecuted="0" disconnected="0" warning="0" passed="0" completed="0" inProgress="0" pending="0" />
  </ResultSummary>
  <TestDefinitions>
    <CodedWebTest name="LoadTestData" storage="d:\development\palacio\nochespalacio\webandloadtestproject\bin\debug\webandloadtestproject.dll" id="e0719918-56b6-66f0-c63e-407a952e0b2f">
      <DeploymentItems>
        <DeploymentItem filename=".\Resources" />
      </DeploymentItems>
      <Execution id="149e6cf9-5dc6-4bfe-a014-7c2a8962deea" />
      <WebTestClass assembly="WebAndLoadTestProject, Version=1.0.0.0, Culture=neutral, PublicKeyToken=null" namespace="WebAndLoadTestProject.TestCases.Shared" class="LoadTestData" />
    </CodedWebTest>
  </TestDefinitions>
  <TestLists>
    <TestList name="Results Not in a List" id="8c84fa94-04c1-424b-9868-57a2d4851a1d" />
    <TestList name="All Loaded Results" id="19431567-8539-422a-85d7-44ee4e166bda" />
  </TestLists>
  <TestEntries>
    <TestEntry isTransparent="false" testId="e0719918-56b6-66f0-c63e-407a952e0b2f" executionId="149e6cf9-5dc6-4bfe-a014-7c2a8962deea" testListId="8c84fa94-04c1-424b-9868-57a2d4851a1d" />
  </TestEntries>
  <Results>
    <WebTestResult executionId="149e6cf9-5dc6-4bfe-a014-7c2a8962deea" testId="e0719918-56b6-66f0-c63e-407a952e0b2f" testName="LoadTestData" computerName="OGAR" duration="00:00:00.4529752" startTime="2017-09-28T15:40:37.3901332-05:00" endTime="2017-09-28T15:40:38.0371325-05:00" testType="37e36796-fb51-4610-8d5c-e00ceaa68b9f" testListId="8c84fa94-04c1-424b-9868-57a2d4851a1d" relativeResultsDirectory="149e6cf9-5dc6-4bfe-a014-7c2a8962deea">
      <Output>
        <ErrorInfo>
          <Message>Exception occurred: EndTransaction cannot end the transaction named 'SelNav_LoadInitData', because there is not an active transaction with that name</Message>
          <StackTrace>   at Microsoft.VisualStudio.TestTools.WebStress.WebTestTimerResults.EndTransaction(String transactionName, String resultsLocale)
   at Microsoft.VisualStudio.TestTools.WebStress.WebTestCaseVariation.ProcessTransactionEnding(String transactionName, String resultsLocale)
   at Microsoft.VisualStudio.TestTools.WebTesting.WebTest.EndTransaction(String transactionName, Boolean isForIncludedWebTest)
   at Microsoft.VisualStudio.TestTools.WebTesting.WebTest.EndTransaction(String transactionName)
   at WebAndLoadTestProject.TestCases.Shared.LoadTestData.&lt;GetRequestEnumerator&gt;d__7.MoveNext() in D:\Development\Palacio\NochesPalacio\WebAndLoadTestProject\TestCases\Shared\LoadTestData.cs:line 73
   at Microsoft.VisualStudio.TestTools.WebStress.WebTestCaseVariation.ExecuteNextTopLevelRequest()</StackTrace>
        </ErrorInfo>
      </Output>
      <ResultFiles>
        <ResultFile path="LoadTestData.webtestResult" />
      </ResultFiles>
      <TestSettings name="Local" id="bec49d4d-fc80-4f98-94f0-afd3c8c3eb7a">
        <Description>These are default test settings for a local test run.</Description>
        <Deployment runDeploymentRoot="reguser_OGAR 2017-09-28 15_40_35">
          <DeploymentItem filename="D:\Development\Palacio\NochesPalacio\LoggerFramework\bin\Debug\LoggerFramework.dll" />
          <DeploymentItem filename="D:\Development\Palacio\NochesPalacio\PerformanceLibrary\bin\Debug\PerformanceLibrary.dll" />
        </Deployment>
        <Execution>
          <TestTypeSpecific>
            <WebTestRunConfiguration testTypeId="4e7599fa-5ecb-43e9-a887-cd63cf72d207">
              <Browser name="Internet Explorer 9.0" MaxConnections="6">
                <Headers>
                  <Header name="User-Agent" value="Mozilla/5.0 (compatible; MSIE 9.0; Windows NT 6.1; Trident/5.0)" />
                  <Header name="Accept" value="*/*" />
                  <Header name="Accept-Language" value="{{$IEAcceptLanguage}}" />
                  <Header name="Accept-Encoding" value="GZIP" />
                </Headers>
              </Browser>
            </WebTestRunConfiguration>
          </TestTypeSpecific>
          <AgentRule name="Execution Agents">
          </AgentRule>
        </Execution>
        <Properties>
          <Property name="TestSettingsUIType" value="LoadTest" />
        </Properties>
      </TestSettings>
      <WebTestResultFilePath>reguser_OGAR 2017-09-28 15_40_35\In\149e6cf9-5dc6-4bfe-a014-7c2a8962deea\LoadTestData.webtestResult</WebTestResultFilePath>
    </WebTestResult>
  </Results>
</TestRun>