<?xml version="1.0" encoding="UTF-8"?>
<TestRun id="7e292c52-33a8-48e7-ae02-127a2b977233" name="reguser@OGAR 2017-09-28 11:16:55" runUser="OGAR\reguser" xmlns="http://microsoft.com/schemas/VisualStudio/TeamTest/2010">
  <TestSettings name="Local" id="bec49d4d-fc80-4f98-94f0-afd3c8c3eb7a">
    <Description>These are default test settings for a local test run.</Description>
    <Deployment runDeploymentRoot="reguser_OGAR 2017-09-28 11_16_55">
      <DeploymentItem filename="D:\Development\Palacio\NochesPalacio\PerformanceLibrary\bin\Debug\PerformanceLibrary.dll" />
    </Deployment>
    <Execution>
      <TestTypeSpecific />
      <AgentRule name="Execution Agents">
      </AgentRule>
    </Execution>
    <Properties>
      <Property name="TestSettingsUIType" value="LoadTest" />
    </Properties>
  </TestSettings>
  <Times creation="2017-09-28T11:16:55.0043131-05:00" queuing="2017-09-28T11:16:56.4153501-05:00" start="2017-09-28T11:16:56.5413632-05:00" finish="2017-09-28T11:16:57.0656618-05:00" />
  <ResultSummary outcome="Completed">
    <Counters total="1" executed="1" passed="1" error="0" failed="0" timeout="0" aborted="0" inconclusive="0" passedButRunAborted="0" notRunnable="0" notExecuted="0" disconnected="0" warning="0" completed="0" inProgress="0" pending="0" />
  </ResultSummary>
  <TestDefinitions>
    <CodedWebTest name="WebTest1Coded" storage="d:\development\palacio\nochespalacio\webandloadtestproject\bin\debug\webandloadtestproject.dll" id="72fa3a27-30b6-3e69-1db6-cc32feae6512">
      <Execution id="9b7ce699-82e0-4318-84c5-31ac2aa37f88" />
      <WebTestClass assembly="WebAndLoadTestProject, Version=1.0.0.0, Culture=neutral, PublicKeyToken=null" namespace="WebAndLoadTestProject" class="WebTest1Coded" />
    </CodedWebTest>
  </TestDefinitions>
  <TestLists>
    <TestList name="Results Not in a List" id="8c84fa94-04c1-424b-9868-57a2d4851a1d" />
    <TestList name="All Loaded Results" id="19431567-8539-422a-85d7-44ee4e166bda" />
  </TestLists>
  <TestEntries>
    <TestEntry isTransparent="false" testId="72fa3a27-30b6-3e69-1db6-cc32feae6512" executionId="9b7ce699-82e0-4318-84c5-31ac2aa37f88" testListId="8c84fa94-04c1-424b-9868-57a2d4851a1d" />
  </TestEntries>
  <Results>
    <WebTestResult executionId="9b7ce699-82e0-4318-84c5-31ac2aa37f88" testId="72fa3a27-30b6-3e69-1db6-cc32feae6512" testName="WebTest1Coded" computerName="OGAR" duration="00:00:00.0460699" startTime="2017-09-28T11:16:56.6763723-05:00" endTime="2017-09-28T11:16:56.9741618-05:00" testType="37e36796-fb51-4610-8d5c-e00ceaa68b9f" outcome="Passed" testListId="8c84fa94-04c1-424b-9868-57a2d4851a1d" relativeResultsDirectory="9b7ce699-82e0-4318-84c5-31ac2aa37f88">
      <ResultFiles>
        <ResultFile path="WebTest1Coded.webtestResult" />
      </ResultFiles>
      <TestSettings name="Local" id="bec49d4d-fc80-4f98-94f0-afd3c8c3eb7a">
        <Description>These are default test settings for a local test run.</Description>
        <Deployment runDeploymentRoot="reguser_OGAR 2017-09-28 11_16_55">
          <DeploymentItem filename="D:\Development\Palacio\NochesPalacio\PerformanceLibrary\bin\Debug\PerformanceLibrary.dll" />
        </Deployment>
        <Execution>
          <TestTypeSpecific>
            <WebTestRunConfiguration testTypeId="4e7599fa-5ecb-43e9-a887-cd63cf72d207">
              <Browser name="Internet Explorer 9.0" MaxConnections="6">
                <Headers>
                  <Header name="User-Agent" value="Mozilla/5.0 (compatible; MSIE 9.0; Windows NT 6.1; Trident/5.0)" />
                  <Header name="Accept" value="*/*" />
                  <Header name="Accept-Language" value="{{$IEAcceptLanguage}}" />
                  <Header name="Accept-Encoding" value="GZIP" />
                </Headers>
              </Browser>
            </WebTestRunConfiguration>
          </TestTypeSpecific>
          <AgentRule name="Execution Agents">
          </AgentRule>
        </Execution>
        <Properties>
          <Property name="TestSettingsUIType" value="LoadTest" />
        </Properties>
      </TestSettings>
      <WebTestResultFilePath>reguser_OGAR 2017-09-28 11_16_55\In\9b7ce699-82e0-4318-84c5-31ac2aa37f88\WebTest1Coded.webtestResult</WebTestResultFilePath>
    </WebTestResult>
  </Results>
</TestRun>